<?xml version="1.0" encoding="UTF-8"?>
<coverage generated="1724926241215" clover="3.2.0">
  <project timestamp="1724926241215" name="All files">
    <metrics statements="76" coveredstatements="62" conditionals="13" coveredconditionals="8" methods="26" coveredmethods="17" elements="115" coveredelements="87" complexity="0" loc="76" ncloc="76" packages="1" files="4" classes="4"/>
    <file name="AuthProvider.tsx" path="/Users/brandoncorbett/git/drop-auth/src/AuthProvider.tsx">
      <metrics statements="43" coveredstatements="29" conditionals="13" coveredconditionals="8" methods="14" coveredmethods="5"/>
      <line num="1" count="2" type="stmt"/>
      <line num="8" count="2" type="stmt"/>
      <line num="9" count="2" type="stmt"/>
      <line num="10" count="2" type="stmt"/>
      <line num="21" count="2" type="stmt"/>
      <line num="23" count="2" type="cond" truecount="2" falsecount="0"/>
      <line num="24" count="2" type="stmt"/>
      <line num="25" count="2" type="stmt"/>
      <line num="26" count="2" type="stmt"/>
      <line num="33" count="2" type="stmt"/>
      <line num="34" count="1" type="stmt"/>
      <line num="35" count="1" type="cond" truecount="0" falsecount="1"/>
      <line num="36" count="0" type="stmt"/>
      <line num="38" count="1" type="stmt"/>
      <line num="45" count="2" type="stmt"/>
      <line num="46" count="3" type="stmt"/>
      <line num="49" count="3" type="stmt"/>
      <line num="50" count="3" type="stmt"/>
      <line num="71" count="3" type="stmt"/>
      <line num="72" count="1" type="cond" truecount="3" falsecount="1"/>
      <line num="73" count="1" type="stmt"/>
      <line num="75" count="0" type="stmt"/>
      <line num="96" count="3" type="stmt"/>
      <line num="98" count="0" type="stmt"/>
      <line num="101" count="3" type="stmt"/>
      <line num="103" count="0" type="stmt"/>
      <line num="104" count="0" type="stmt"/>
      <line num="107" count="3" type="stmt"/>
      <line num="109" count="0" type="stmt"/>
      <line num="110" count="0" type="stmt"/>
      <line num="113" count="3" type="stmt"/>
      <line num="115" count="3" type="stmt"/>
      <line num="117" count="3" type="stmt"/>
      <line num="118" count="2" type="cond" truecount="1" falsecount="3"/>
      <line num="120" count="2" type="stmt"/>
      <line num="123" count="0" type="stmt"/>
      <line num="124" count="0" type="stmt"/>
      <line num="128" count="0" type="stmt"/>
      <line num="131" count="0" type="stmt"/>
      <line num="135" count="0" type="stmt"/>
      <line num="138" count="0" type="stmt"/>
      <line num="142" count="0" type="stmt"/>
      <line num="146" count="3" type="stmt"/>
    </file>
    <file name="Login.tsx" path="/Users/brandoncorbett/git/drop-auth/src/Login.tsx">
      <metrics statements="11" coveredstatements="11" conditionals="0" coveredconditionals="0" methods="4" coveredmethods="4"/>
      <line num="1" count="3" type="stmt"/>
      <line num="9" count="3" type="stmt"/>
      <line num="14" count="9" type="stmt"/>
      <line num="15" count="9" type="stmt"/>
      <line num="17" count="9" type="stmt"/>
      <line num="18" count="2" type="stmt"/>
      <line num="19" count="2" type="stmt"/>
      <line num="22" count="9" type="stmt"/>
      <line num="32" count="2" type="stmt"/>
      <line num="41" count="2" type="stmt"/>
      <line num="56" count="3" type="stmt"/>
    </file>
    <file name="PasswordRecovery.tsx" path="/Users/brandoncorbett/git/drop-auth/src/PasswordRecovery.tsx">
      <metrics statements="9" coveredstatements="9" conditionals="0" coveredconditionals="0" methods="3" coveredmethods="3"/>
      <line num="1" count="3" type="stmt"/>
      <line num="8" count="3" type="stmt"/>
      <line num="12" count="3" type="stmt"/>
      <line num="14" count="3" type="stmt"/>
      <line num="15" count="1" type="stmt"/>
      <line num="16" count="1" type="stmt"/>
      <line num="19" count="3" type="stmt"/>
      <line num="29" count="1" type="stmt"/>
      <line num="41" count="3" type="stmt"/>
    </file>
    <file name="Register.tsx" path="/Users/brandoncorbett/git/drop-auth/src/Register.tsx">
      <metrics statements="13" coveredstatements="13" conditionals="0" coveredconditionals="0" methods="5" coveredmethods="5"/>
      <line num="1" count="3" type="stmt"/>
      <line num="8" count="3" type="stmt"/>
      <line num="9" count="5" type="stmt"/>
      <line num="10" count="5" type="stmt"/>
      <line num="11" count="5" type="stmt"/>
      <line num="13" count="5" type="stmt"/>
      <line num="14" count="1" type="stmt"/>
      <line num="15" count="1" type="stmt"/>
      <line num="18" count="5" type="stmt"/>
      <line num="28" count="1" type="stmt"/>
      <line num="37" count="1" type="stmt"/>
      <line num="46" count="1" type="stmt"/>
      <line num="58" count="3" type="stmt"/>
    </file>
  </project>
</coverage>
