{"/Users/brandoncorbett/git/drop-auth/src/AuthProvider.tsx": {"path":"/Users/brandoncorbett/git/drop-auth/src/AuthProvider.tsx","statementMap":{"0":{"start":{"line":1,"column":0},"end":{"line":1,"column":null}},"1":{"start":{"line":8,"column":0},"end":{"line":8,"column":28}},"2":{"start":{"line":9,"column":0},"end":{"line":9,"column":34}},"3":{"start":{"line":10,"column":0},"end":{"line":10,"column":50}},"4":{"start":{"line":21,"column":20},"end":{"line":21,"column":73}},"5":{"start":{"line":23,"column":0},"end":{"line":23,"column":null}},"6":{"start":{"line":24,"column":2},"end":{"line":24,"column":null}},"7":{"start":{"line":25,"column":2},"end":{"line":25,"column":null}},"8":{"start":{"line":26,"column":2},"end":{"line":26,"column":null}},"9":{"start":{"line":33,"column":23},"end":{"line":39,"column":1}},"10":{"start":{"line":34,"column":18},"end":{"line":34,"column":41}},"11":{"start":{"line":35,"column":2},"end":{"line":37,"column":3}},"12":{"start":{"line":36,"column":4},"end":{"line":36,"column":67}},"13":{"start":{"line":38,"column":2},"end":{"line":38,"column":17}},"14":{"start":{"line":33,"column":13},"end":{"line":33,"column":23}},"15":{"start":{"line":45,"column":57},"end":{"line":160,"column":1}},"16":{"start":{"line":46,"column":26},"end":{"line":47,"column":null}},"17":{"start":{"line":49,"column":40},"end":{"line":49,"column":74}},"18":{"start":{"line":50,"column":32},"end":{"line":50,"column":55}},"19":{"start":{"line":71,"column":16},"end":{"line":94,"column":3}},"20":{"start":{"line":72,"column":4},"end":{"line":76,"column":5}},"21":{"start":{"line":73,"column":6},"end":{"line":73,"column":51}},"22":{"start":{"line":75,"column":6},"end":{"line":75,"column":35}},"23":{"start":{"line":96,"column":17},"end":{"line":99,"column":3}},"24":{"start":{"line":98,"column":4},"end":{"line":98,"column":18}},"25":{"start":{"line":101,"column":19},"end":{"line":105,"column":3}},"26":{"start":{"line":103,"column":4},"end":{"line":103,"column":63}},"27":{"start":{"line":104,"column":4},"end":{"line":104,"column":35}},"28":{"start":{"line":107,"column":26},"end":{"line":111,"column":3}},"29":{"start":{"line":109,"column":4},"end":{"line":109,"column":55}},"30":{"start":{"line":110,"column":4},"end":{"line":110,"column":35}},"31":{"start":{"line":113,"column":26},"end":{"line":113,"column":38}},"32":{"start":{"line":113,"column":32},"end":{"line":113,"column":38}},"33":{"start":{"line":115,"column":18},"end":{"line":115,"column":63}},"34":{"start":{"line":115,"column":36},"end":{"line":115,"column":63}},"35":{"start":{"line":117,"column":21},"end":{"line":144,"column":3}},"36":{"start":{"line":118,"column":4},"end":{"line":143,"column":5}},"37":{"start":{"line":120,"column":8},"end":{"line":126,"column":10}},"38":{"start":{"line":123,"column":36},"end":{"line":123,"column":68}},"39":{"start":{"line":124,"column":30},"end":{"line":124,"column":63}},"40":{"start":{"line":128,"column":8},"end":{"line":133,"column":10}},"41":{"start":{"line":131,"column":33},"end":{"line":131,"column":63}},"42":{"start":{"line":135,"column":8},"end":{"line":140,"column":10}},"43":{"start":{"line":138,"column":33},"end":{"line":138,"column":63}},"44":{"start":{"line":142,"column":8},"end":{"line":142,"column":20}},"45":{"start":{"line":146,"column":2},"end":{"line":159,"column":4}},"46":{"start":{"line":45,"column":13},"end":{"line":45,"column":57}}},"fnMap":{"0":{"name":"(anonymous_1)","decl":{"start":{"line":23,"column":0},"end":{"line":23,"column":5}},"loc":{"start":{"line":23,"column":13},"end":{"line":27,"column":1}}},"1":{"name":"(anonymous_2)","decl":{"start":{"line":33,"column":23},"end":{"line":33,"column":43}},"loc":{"start":{"line":33,"column":45},"end":{"line":39,"column":1}}},"2":{"name":"(anonymous_3)","decl":{"start":{"line":45,"column":57},"end":{"line":45,"column":58}},"loc":{"start":{"line":45,"column":74},"end":{"line":160,"column":1}}},"3":{"name":"(anonymous_4)","decl":{"start":{"line":71,"column":16},"end":{"line":71,"column":21}},"loc":{"start":{"line":71,"column":61},"end":{"line":94,"column":3}}},"4":{"name":"(anonymous_5)","decl":{"start":{"line":96,"column":17},"end":{"line":96,"column":20}},"loc":{"start":{"line":96,"column":22},"end":{"line":99,"column":3}}},"5":{"name":"(anonymous_6)","decl":{"start":{"line":101,"column":19},"end":{"line":101,"column":20}},"loc":{"start":{"line":101,"column":73},"end":{"line":105,"column":3}}},"6":{"name":"(anonymous_7)","decl":{"start":{"line":107,"column":26},"end":{"line":107,"column":27}},"loc":{"start":{"line":107,"column":44},"end":{"line":111,"column":3}}},"7":{"name":"(anonymous_8)","decl":{"start":{"line":113,"column":26},"end":{"line":113,"column":29}},"loc":{"start":{"line":113,"column":32},"end":{"line":113,"column":38}}},"8":{"name":"(anonymous_9)","decl":{"start":{"line":115,"column":18},"end":{"line":115,"column":19}},"loc":{"start":{"line":115,"column":36},"end":{"line":115,"column":63}}},"9":{"name":"(anonymous_10)","decl":{"start":{"line":117,"column":21},"end":{"line":117,"column":24}},"loc":{"start":{"line":117,"column":26},"end":{"line":144,"column":3}}},"10":{"name":"(anonymous_11)","decl":{"start":{"line":123,"column":30},"end":{"line":123,"column":33}},"loc":{"start":{"line":123,"column":36},"end":{"line":123,"column":68}}},"11":{"name":"(anonymous_12)","decl":{"start":{"line":124,"column":24},"end":{"line":124,"column":27}},"loc":{"start":{"line":124,"column":30},"end":{"line":124,"column":63}}},"12":{"name":"(anonymous_13)","decl":{"start":{"line":131,"column":27},"end":{"line":131,"column":30}},"loc":{"start":{"line":131,"column":33},"end":{"line":131,"column":63}}},"13":{"name":"(anonymous_14)","decl":{"start":{"line":138,"column":27},"end":{"line":138,"column":30}},"loc":{"start":{"line":138,"column":33},"end":{"line":138,"column":63}}}},"branchMap":{"0":{"loc":{"start":{"line":23,"column":5},"end":{"line":23,"column":null}},"type":"binary-expr","locations":[{"start":{"line":23,"column":5},"end":{"line":23,"column":13}},{"start":{"line":23,"column":5},"end":{"line":23,"column":null}}]},"1":{"loc":{"start":{"line":35,"column":2},"end":{"line":37,"column":3}},"type":"if","locations":[{"start":{"line":35,"column":2},"end":{"line":37,"column":3}}]},"2":{"loc":{"start":{"line":72,"column":4},"end":{"line":76,"column":5}},"type":"if","locations":[{"start":{"line":72,"column":4},"end":{"line":76,"column":5}},{"start":{"line":74,"column":11},"end":{"line":76,"column":5}}]},"3":{"loc":{"start":{"line":72,"column":8},"end":{"line":72,"column":55}},"type":"binary-expr","locations":[{"start":{"line":72,"column":8},"end":{"line":72,"column":28}},{"start":{"line":72,"column":32},"end":{"line":72,"column":55}}]},"4":{"loc":{"start":{"line":118,"column":4},"end":{"line":143,"column":5}},"type":"switch","locations":[{"start":{"line":119,"column":6},"end":{"line":126,"column":10}},{"start":{"line":127,"column":6},"end":{"line":133,"column":10}},{"start":{"line":134,"column":6},"end":{"line":140,"column":10}},{"start":{"line":141,"column":6},"end":{"line":142,"column":20}}]},"5":{"loc":{"start":{"line":157,"column":7},"end":{"line":157,"column":38}},"type":"cond-expr","locations":[{"start":{"line":157,"column":15},"end":{"line":157,"column":27}},{"start":{"line":157,"column":30},"end":{"line":157,"column":38}}]}},"s":{"0":2,"1":2,"2":2,"3":2,"4":2,"5":2,"6":2,"7":2,"8":2,"9":2,"10":1,"11":1,"12":0,"13":1,"14":2,"15":2,"16":3,"17":3,"18":3,"19":3,"20":1,"21":1,"22":0,"23":3,"24":0,"25":3,"26":0,"27":0,"28":3,"29":0,"30":0,"31":3,"32":0,"33":3,"34":0,"35":3,"36":2,"37":2,"38":0,"39":0,"40":0,"41":0,"42":0,"43":0,"44":0,"45":3,"46":2},"f":{"0":2,"1":1,"2":3,"3":1,"4":0,"5":0,"6":0,"7":0,"8":0,"9":2,"10":0,"11":0,"12":0,"13":0},"b":{"0":[2,2],"1":[0],"2":[1,0],"3":[1,1],"4":[2,0,0,0],"5":[2,1]}}
,"/Users/brandoncorbett/git/drop-auth/src/Login.tsx": {"path":"/Users/brandoncorbett/git/drop-auth/src/Login.tsx","statementMap":{"0":{"start":{"line":1,"column":0},"end":{"line":1,"column":40}},"1":{"start":{"line":9,"column":36},"end":{"line":54,"column":1}},"2":{"start":{"line":14,"column":34},"end":{"line":14,"column":54}},"3":{"start":{"line":15,"column":34},"end":{"line":15,"column":54}},"4":{"start":{"line":17,"column":23},"end":{"line":20,"column":3}},"5":{"start":{"line":18,"column":4},"end":{"line":18,"column":27}},"6":{"start":{"line":19,"column":4},"end":{"line":19,"column":32}},"7":{"start":{"line":22,"column":2},"end":{"line":53,"column":4}},"8":{"start":{"line":32,"column":29},"end":{"line":32,"column":56}},"9":{"start":{"line":41,"column":29},"end":{"line":41,"column":56}},"10":{"start":{"line":56,"column":0},"end":{"line":56,"column":21}}},"fnMap":{"0":{"name":"(anonymous_0)","decl":{"start":{"line":9,"column":36},"end":{"line":9,"column":37}},"loc":{"start":{"line":13,"column":5},"end":{"line":54,"column":1}}},"1":{"name":"(anonymous_1)","decl":{"start":{"line":17,"column":23},"end":{"line":17,"column":24}},"loc":{"start":{"line":17,"column":67},"end":{"line":20,"column":3}}},"2":{"name":"(anonymous_2)","decl":{"start":{"line":32,"column":22},"end":{"line":32,"column":23}},"loc":{"start":{"line":32,"column":29},"end":{"line":32,"column":56}}},"3":{"name":"(anonymous_3)","decl":{"start":{"line":41,"column":22},"end":{"line":41,"column":23}},"loc":{"start":{"line":41,"column":29},"end":{"line":41,"column":56}}}},"branchMap":{},"s":{"0":3,"1":3,"2":9,"3":9,"4":9,"5":2,"6":2,"7":9,"8":2,"9":2,"10":3},"f":{"0":9,"1":2,"2":2,"3":2},"b":{}}
,"/Users/brandoncorbett/git/drop-auth/src/PasswordRecovery.tsx": {"path":"/Users/brandoncorbett/git/drop-auth/src/PasswordRecovery.tsx","statementMap":{"0":{"start":{"line":1,"column":0},"end":{"line":1,"column":40}},"1":{"start":{"line":8,"column":58},"end":{"line":39,"column":1}},"2":{"start":{"line":12,"column":28},"end":{"line":12,"column":40}},"3":{"start":{"line":14,"column":23},"end":{"line":17,"column":3}},"4":{"start":{"line":15,"column":4},"end":{"line":15,"column":27}},"5":{"start":{"line":16,"column":4},"end":{"line":16,"column":21}},"6":{"start":{"line":19,"column":2},"end":{"line":38,"column":4}},"7":{"start":{"line":29,"column":29},"end":{"line":29,"column":53}},"8":{"start":{"line":41,"column":0},"end":{"line":41,"column":32}}},"fnMap":{"0":{"name":"(anonymous_0)","decl":{"start":{"line":8,"column":58},"end":{"line":8,"column":59}},"loc":{"start":{"line":11,"column":5},"end":{"line":39,"column":1}}},"1":{"name":"(anonymous_1)","decl":{"start":{"line":14,"column":23},"end":{"line":14,"column":24}},"loc":{"start":{"line":14,"column":67},"end":{"line":17,"column":3}}},"2":{"name":"(anonymous_2)","decl":{"start":{"line":29,"column":22},"end":{"line":29,"column":23}},"loc":{"start":{"line":29,"column":29},"end":{"line":29,"column":53}}}},"branchMap":{},"s":{"0":3,"1":3,"2":3,"3":3,"4":1,"5":1,"6":3,"7":1,"8":3},"f":{"0":3,"1":1,"2":1},"b":{}}
,"/Users/brandoncorbett/git/drop-auth/src/Register.tsx": {"path":"/Users/brandoncorbett/git/drop-auth/src/Register.tsx","statementMap":{"0":{"start":{"line":1,"column":0},"end":{"line":1,"column":40}},"1":{"start":{"line":8,"column":42},"end":{"line":56,"column":1}},"2":{"start":{"line":9,"column":34},"end":{"line":9,"column":46}},"3":{"start":{"line":10,"column":28},"end":{"line":10,"column":40}},"4":{"start":{"line":11,"column":34},"end":{"line":11,"column":46}},"5":{"start":{"line":13,"column":23},"end":{"line":16,"column":3}},"6":{"start":{"line":14,"column":4},"end":{"line":14,"column":27}},"7":{"start":{"line":15,"column":4},"end":{"line":15,"column":42}},"8":{"start":{"line":18,"column":2},"end":{"line":55,"column":4}},"9":{"start":{"line":28,"column":29},"end":{"line":28,"column":56}},"10":{"start":{"line":37,"column":29},"end":{"line":37,"column":53}},"11":{"start":{"line":46,"column":29},"end":{"line":46,"column":56}},"12":{"start":{"line":58,"column":0},"end":{"line":58,"column":24}}},"fnMap":{"0":{"name":"(anonymous_0)","decl":{"start":{"line":8,"column":42},"end":{"line":8,"column":43}},"loc":{"start":{"line":8,"column":76},"end":{"line":56,"column":1}}},"1":{"name":"(anonymous_1)","decl":{"start":{"line":13,"column":23},"end":{"line":13,"column":24}},"loc":{"start":{"line":13,"column":67},"end":{"line":16,"column":3}}},"2":{"name":"(anonymous_2)","decl":{"start":{"line":28,"column":22},"end":{"line":28,"column":23}},"loc":{"start":{"line":28,"column":29},"end":{"line":28,"column":56}}},"3":{"name":"(anonymous_3)","decl":{"start":{"line":37,"column":22},"end":{"line":37,"column":23}},"loc":{"start":{"line":37,"column":29},"end":{"line":37,"column":53}}},"4":{"name":"(anonymous_4)","decl":{"start":{"line":46,"column":22},"end":{"line":46,"column":23}},"loc":{"start":{"line":46,"column":29},"end":{"line":46,"column":56}}}},"branchMap":{},"s":{"0":3,"1":3,"2":5,"3":5,"4":5,"5":5,"6":1,"7":1,"8":5,"9":1,"10":1,"11":1,"12":3},"f":{"0":5,"1":1,"2":1,"3":1,"4":1},"b":{}}
}
