TN:
SF:src/AuthProvider.tsx
FN:45,(anonymous_1)
FN:59,(anonymous_2)
FN:70,(anonymous_3)
FN:90,(anonymous_4)
FN:111,(anonymous_5)
FN:113,(anonymous_6)
FN:132,(anonymous_7)
FN:136,(anonymous_8)
FNF:8
FNH:7
FNDA:4,(anonymous_1)
FNDA:11,(anonymous_2)
FNDA:3,(anonymous_3)
FNDA:0,(anonymous_4)
FNDA:4,(anonymous_5)
FNDA:4,(anonymous_6)
FNDA:4,(anonymous_7)
FNDA:5,(anonymous_8)
DA:1,1
DA:2,1
DA:11,1
DA:12,1
DA:13,1
DA:39,1
DA:45,1
DA:46,4
DA:47,4
DA:48,0
DA:50,4
DA:59,1
DA:64,11
DA:65,11
DA:66,11
DA:67,11
DA:68,11
DA:70,11
DA:71,3
DA:72,0
DA:73,0
DA:81,0
DA:83,0
DA:84,0
DA:85,0
DA:90,11
DA:91,0
DA:92,0
DA:97,0
DA:98,0
DA:99,0
DA:100,0
DA:101,0
DA:103,0
DA:106,0
DA:107,0
DA:111,11
DA:113,11
DA:114,4
DA:115,4
DA:117,3
DA:118,1
DA:119,1
DA:120,1
DA:121,1
DA:123,1
DA:126,2
DA:128,4
DA:132,11
DA:133,4
DA:136,11
DA:137,5
DA:138,1
DA:142,11
DA:143,6
DA:150,5
LF:56
LH:39
BRDA:47,0,0,0
BRDA:62,1,0,11
BRDA:71,2,0,0
BRDA:97,3,0,0
BRDA:97,3,1,0
BRDA:117,4,0,1
BRDA:117,4,1,1
BRDA:137,5,0,1
BRDA:137,6,0,5
BRDA:137,6,1,1
BRDA:142,7,0,6
BRDA:161,8,0,5
BRDA:161,8,1,0
BRF:13
BRH:8
end_of_record
TN:
SF:src/AuthRoutes.tsx
FN:9,(anonymous_1)
FNF:1
FNH:1
FNDA:6,(anonymous_1)
DA:1,1
DA:3,1
DA:4,1
DA:5,1
DA:6,1
DA:7,1
DA:9,1
DA:10,6
LF:8
LH:8
BRF:0
BRH:0
end_of_record
TN:
SF:src/LoadingSpinner.tsx
FN:3,(anonymous_0)
FNF:1
FNH:1
FNDA:1,(anonymous_0)
DA:3,1
DA:4,1
DA:14,1
LF:3
LH:3
BRF:0
BRH:0
end_of_record
TN:
SF:src/Login.tsx
FN:11,(anonymous_1)
FN:25,(anonymous_2)
FN:26,checkSupport
FN:38,(anonymous_4)
FN:43,(anonymous_5)
FN:48,(anonymous_6)
FN:56,(anonymous_7)
FN:103,(anonymous_8)
FN:128,(anonymous_9)
FN:160,(anonymous_10)
FN:195,(anonymous_11)
FN:226,(anonymous_12)
FN:254,(anonymous_13)
FNF:13
FNH:11
FNDA:28,(anonymous_1)
FNDA:6,(anonymous_2)
FNDA:6,checkSupport
FNDA:2,(anonymous_4)
FNDA:2,(anonymous_5)
FNDA:22,(anonymous_6)
FNDA:1,(anonymous_7)
FNDA:2,(anonymous_8)
FNDA:2,(anonymous_9)
FNDA:4,(anonymous_10)
FNDA:0,(anonymous_11)
FNDA:0,(anonymous_12)
FNDA:3,(anonymous_13)
DA:1,1
DA:2,1
DA:3,1
DA:4,1
DA:5,1
DA:6,1
DA:8,1
DA:9,1
DA:11,1
DA:12,28
DA:13,28
DA:14,28
DA:15,28
DA:16,28
DA:17,28
DA:18,28
DA:19,28
DA:20,28
DA:21,28
DA:22,28
DA:23,28
DA:25,28
DA:27,6
DA:28,6
DA:31,6
DA:33,6
DA:34,0
DA:38,28
DA:39,2
DA:40,2
DA:43,28
DA:44,2
DA:45,2
DA:48,28
DA:49,22
DA:50,5
DA:53,17
DA:56,28
DA:57,1
DA:58,1
DA:64,1
DA:65,0
DA:66,0
DA:69,1
DA:70,1
DA:72,1
DA:82,1
DA:83,0
DA:86,1
DA:88,1
DA:89,1
DA:90,1
DA:91,1
DA:92,1
DA:94,0
DA:96,0
DA:99,0
DA:103,28
DA:104,2
DA:106,2
DA:107,2
DA:114,2
DA:115,1
DA:116,1
DA:119,1
DA:121,0
DA:122,0
DA:128,28
DA:129,2
DA:131,2
DA:132,2
DA:139,2
DA:140,1
DA:141,1
DA:144,1
DA:146,1
DA:147,1
DA:149,1
DA:153,0
DA:154,0
DA:160,28
DA:161,4
DA:163,4
DA:164,4
DA:167,28
DA:196,0
DA:198,0
DA:199,0
DA:227,0
DA:228,0
DA:229,0
DA:254,3
DA:269,1
LF:93
LH:76
BRDA:33,0,0,0
BRDA:49,1,0,5
BRDA:49,2,0,22
BRDA:49,2,1,8
BRDA:50,3,0,5
BRDA:50,3,1,0
BRDA:53,4,0,17
BRDA:53,4,1,17
BRDA:64,5,0,0
BRDA:82,6,0,0
BRDA:88,7,0,1
BRDA:88,7,1,0
BRDA:89,8,0,1
BRDA:114,9,0,1
BRDA:139,10,0,1
BRDA:146,11,0,1
BRDA:163,12,0,2
BRDA:164,13,0,2
BRDA:171,14,0,8
BRDA:171,14,1,20
BRDA:174,15,0,6
BRDA:174,15,1,22
BRDA:182,16,0,22
BRDA:182,16,1,8
BRDA:196,17,0,0
BRDA:198,18,0,0
BRDA:198,18,1,0
BRDA:200,19,0,0
BRDA:200,19,1,0
BRDA:209,20,0,8
BRDA:209,20,1,0
BRDA:213,21,0,22
BRDA:213,21,1,14
BRDA:227,22,0,0
BRDA:229,23,0,0
BRDA:229,23,1,0
BRDA:234,24,0,14
BRDA:234,24,1,0
BRDA:247,25,0,8
BRDA:247,25,1,14
BRDA:250,26,0,22
BRDA:250,26,1,3
BRDA:254,27,0,0
BRDA:254,27,1,3
BRDA:257,28,0,8
BRDA:257,28,1,14
BRF:46
BRH:30
end_of_record
TN:
SF:src/MfaLogin.tsx
FN:8,(anonymous_1)
FN:22,(anonymous_2)
FN:30,(anonymous_3)
FN:44,(anonymous_4)
FN:73,(anonymous_5)
FN:97,(anonymous_6)
FN:98,(anonymous_7)
FN:99,(anonymous_8)
FN:101,(anonymous_9)
FN:113,(anonymous_10)
FN:125,(anonymous_11)
FN:152,(anonymous_12)
FNF:12
FNH:10
FNDA:25,(anonymous_1)
FNDA:18,(anonymous_2)
FNDA:2,(anonymous_3)
FNDA:2,(anonymous_4)
FNDA:6,(anonymous_5)
FNDA:7,(anonymous_6)
FNDA:0,(anonymous_7)
FNDA:0,(anonymous_8)
FNDA:7,(anonymous_9)
FNDA:4,(anonymous_10)
FNDA:2,(anonymous_11)
FNDA:2,(anonymous_12)
DA:1,1
DA:2,1
DA:3,1
DA:4,1
DA:6,1
DA:8,1
DA:9,25
DA:10,25
DA:11,25
DA:12,25
DA:13,25
DA:14,25
DA:15,25
DA:16,25
DA:17,25
DA:19,25
DA:20,25
DA:22,25
DA:23,18
DA:26,18
DA:27,18
DA:30,25
DA:31,2
DA:32,2
DA:33,2
DA:35,2
DA:36,2
DA:38,0
DA:40,2
DA:44,25
DA:46,2
DA:50,2
DA:51,2
DA:60,2
DA:61,1
DA:62,1
DA:65,1
DA:66,1
DA:68,0
DA:69,0
DA:73,25
DA:74,6
DA:76,6
DA:80,6
DA:88,6
DA:89,2
DA:93,4
DA:97,25
DA:98,7
DA:99,0
DA:101,7
DA:104,25
DA:114,4
DA:115,4
DA:126,2
DA:127,2
DA:152,2
DA:168,1
LF:58
LH:54
BRDA:46,0,0,1
BRDA:46,0,1,1
BRDA:60,1,0,1
BRDA:76,2,0,4
BRDA:76,2,1,2
BRDA:88,3,0,2
BRDA:88,3,1,4
BRDA:93,4,0,2
BRDA:93,4,1,2
BRDA:99,5,0,0
BRDA:99,5,1,0
BRDA:109,6,0,25
BRDA:109,6,1,7
BRDA:118,7,0,11
BRDA:118,7,1,14
BRDA:130,8,0,7
BRDA:130,8,1,18
BRDA:137,9,0,25
BRDA:137,9,1,18
BRDA:139,10,0,18
BRDA:139,10,1,4
BRDA:157,11,0,18
BRDA:157,11,1,6
BRDA:157,11,2,6
BRDA:159,12,0,2
BRDA:159,12,1,16
BRF:26
BRH:24
end_of_record
TN:
SF:src/PassKeyLogin.tsx
FN:9,(anonymous_1)
FN:14,(anonymous_2)
FNF:2
FNH:2
FNDA:6,(anonymous_1)
FNDA:5,(anonymous_2)
DA:1,1
DA:2,1
DA:3,1
DA:5,1
DA:7,1
DA:9,1
DA:10,6
DA:11,6
DA:12,6
DA:14,6
DA:15,5
DA:16,5
DA:22,5
DA:23,1
DA:24,1
DA:27,4
DA:28,4
DA:30,3
DA:40,3
DA:41,1
DA:44,3
DA:46,3
DA:47,2
DA:48,1
DA:49,1
DA:50,1
DA:52,1
DA:54,1
DA:57,1
DA:61,6
DA:73,1
LF:31
LH:31
BRDA:22,0,0,1
BRDA:40,1,0,1
BRDA:46,2,0,2
BRDA:46,2,1,1
BRDA:47,3,0,1
BRF:5
BRH:5
end_of_record
TN:
SF:src/RegisterPassKey.tsx
FN:14,(anonymous_1)
FN:22,(anonymous_2)
FN:75,(anonymous_3)
FN:104,(anonymous_4)
FN:105,checkSupport
FNF:5
FNH:5
FNDA:18,(anonymous_1)
FNDA:4,(anonymous_2)
FNDA:1,(anonymous_3)
FNDA:5,(anonymous_4)
FNDA:5,checkSupport
DA:1,1
DA:6,1
DA:7,1
DA:8,1
DA:9,1
DA:11,1
DA:12,1
DA:14,1
DA:15,18
DA:16,18
DA:17,18
DA:18,18
DA:19,18
DA:20,18
DA:22,18
DA:23,4
DA:25,4
DA:26,4
DA:37,3
DA:38,1
DA:39,1
DA:40,1
DA:43,2
DA:46,2
DA:47,2
DA:49,1
DA:51,1
DA:52,1
DA:55,1
DA:56,1
DA:58,0
DA:59,0
DA:60,0
DA:62,1
DA:65,1
DA:66,1
DA:67,1
DA:69,1
DA:70,1
DA:71,1
DA:75,18
DA:76,1
DA:77,1
DA:88,1
DA:90,1
DA:91,0
DA:92,0
DA:93,0
DA:96,1
DA:97,1
DA:100,0
DA:104,18
DA:106,5
DA:107,5
DA:110,5
DA:113,18
DA:152,1
LF:57
LH:50
BRDA:37,0,0,1
BRDA:51,1,0,1
BRDA:51,1,1,0
BRDA:90,2,0,0
BRDA:96,3,0,1
BRDA:116,4,0,5
BRDA:116,4,1,13
BRDA:122,5,0,13
BRDA:122,5,1,13
BRDA:133,6,0,4
BRDA:133,6,1,9
BRDA:135,7,0,13
BRDA:135,7,1,4
BRDA:138,8,0,1
BRDA:138,8,1,3
BRF:15
BRH:13
end_of_record
TN:
SF:src/TermsModal.tsx
FN:10,(anonymous_1)
FN:13,(anonymous_2)
FN:14,(anonymous_3)
FN:23,(anonymous_4)
FNF:4
FNH:4
FNDA:6,(anonymous_1)
FNDA:6,(anonymous_2)
FNDA:2,(anonymous_3)
FNDA:6,(anonymous_4)
DA:1,1
DA:3,1
DA:10,1
DA:11,6
DA:13,6
DA:14,6
DA:15,2
DA:18,6
DA:19,5
DA:20,5
DA:23,6
DA:24,6
DA:28,6
DA:30,5
DA:92,1
LF:15
LH:15
BRDA:15,0,0,1
BRDA:18,1,0,5
BRDA:28,2,0,1
BRF:3
BRH:3
end_of_record
TN:
SF:src/VerifyOTP.tsx
FN:7,(anonymous_1)
FN:21,(anonymous_2)
FN:46,(anonymous_3)
FN:75,(anonymous_4)
FN:104,(anonymous_5)
FN:129,(anonymous_6)
FN:154,(anonymous_7)
FN:165,(anonymous_8)
FN:171,(anonymous_9)
FN:179,(anonymous_10)
FN:180,(anonymous_11)
FN:181,(anonymous_12)
FN:184,(anonymous_13)
FN:187,(anonymous_14)
FN:188,(anonymous_15)
FN:189,(anonymous_16)
FN:192,(anonymous_17)
FN:195,(anonymous_18)
FN:226,(anonymous_19)
FN:235,(anonymous_20)
FN:257,(anonymous_21)
FN:266,(anonymous_22)
FNF:22
FNH:18
FNDA:23,(anonymous_1)
FNDA:4,(anonymous_2)
FNDA:3,(anonymous_3)
FNDA:3,(anonymous_4)
FNDA:1,(anonymous_5)
FNDA:1,(anonymous_6)
FNDA:2,(anonymous_7)
FNDA:46,(anonymous_8)
FNDA:46,(anonymous_9)
FNDA:7,(anonymous_10)
FNDA:0,(anonymous_11)
FNDA:0,(anonymous_12)
FNDA:7,(anonymous_13)
FNDA:7,(anonymous_14)
FNDA:0,(anonymous_15)
FNDA:0,(anonymous_16)
FNDA:7,(anonymous_17)
FNDA:9,(anonymous_18)
FNDA:3,(anonymous_19)
FNDA:1,(anonymous_20)
FNDA:3,(anonymous_21)
FNDA:1,(anonymous_22)
DA:1,1
DA:2,1
DA:3,1
DA:5,1
DA:7,1
DA:8,23
DA:9,23
DA:11,23
DA:12,23
DA:13,23
DA:14,23
DA:15,23
DA:16,23
DA:17,23
DA:18,23
DA:19,23
DA:21,23
DA:22,4
DA:23,4
DA:25,4
DA:26,1
DA:27,1
DA:30,3
DA:31,0
DA:32,0
DA:35,3
DA:36,3
DA:37,3
DA:38,3
DA:40,0
DA:42,3
DA:46,23
DA:47,3
DA:48,3
DA:49,3
DA:50,3
DA:61,3
DA:62,1
DA:64,2
DA:68,0
DA:69,0
DA:72,3
DA:75,23
DA:76,3
DA:77,3
DA:78,3
DA:79,3
DA:90,3
DA:91,1
DA:93,2
DA:97,0
DA:98,0
DA:101,3
DA:104,23
DA:105,1
DA:106,1
DA:113,1
DA:115,1
DA:116,0
DA:119,0
DA:121,1
DA:122,1
DA:124,1
DA:129,23
DA:130,1
DA:131,1
DA:138,1
DA:140,1
DA:141,0
DA:144,0
DA:146,1
DA:148,1
DA:150,1
DA:154,23
DA:155,2
DA:156,2
DA:157,1
DA:158,1
DA:160,1
DA:161,1
DA:165,23
DA:166,46
DA:167,42
DA:168,42
DA:171,23
DA:172,46
DA:175,46
DA:176,46
DA:179,23
DA:180,7
DA:181,0
DA:184,7
DA:187,23
DA:188,7
DA:189,0
DA:192,7
DA:195,23
DA:196,9
DA:197,2
DA:201,23
DA:227,3
DA:228,3
DA:235,1
DA:258,3
DA:259,3
DA:266,1
DA:282,1
LF:107
LH:94
BRDA:25,0,0,1
BRDA:30,1,0,0
BRDA:49,2,0,3
BRDA:61,3,0,1
BRDA:61,3,1,2
BRDA:78,4,0,3
BRDA:90,5,0,1
BRDA:90,5,1,2
BRDA:115,6,0,0
BRDA:115,6,1,1
BRDA:122,7,0,1
BRDA:140,8,0,0
BRDA:140,8,1,1
BRDA:146,9,0,1
BRDA:156,10,0,1
BRDA:156,10,1,1
BRDA:166,11,0,4
BRDA:167,12,0,0
BRDA:181,13,0,0
BRDA:181,13,1,0
BRDA:189,14,0,0
BRDA:189,14,1,0
BRDA:196,15,0,2
BRDA:196,16,0,9
BRDA:196,16,1,2
BRDA:209,17,0,23
BRDA:209,17,1,2
BRDA:210,18,0,23
BRDA:210,18,1,3
BRDA:274,19,0,0
BRDA:274,19,1,23
BRF:31
BRH:22
end_of_record
TN:
SF:src/fetchWithAuth.ts
FN:1,(anonymous_0)
FNF:1
FNH:1
FNDA:4,(anonymous_0)
DA:1,2
DA:5,4
DA:13,4
DA:15,3
DA:16,2
DA:19,1
LF:6
LH:6
BRDA:9,0,0,4
BRDA:9,0,1,3
BRDA:15,1,0,2
BRF:3
BRH:3
end_of_record
TN:
SF:src/utils.ts
FN:11,(anonymous_1)
FN:58,(anonymous_2)
FN:67,isPasskeySupported
FNF:3
FNH:3
FNDA:15,(anonymous_1)
FNDA:3,(anonymous_2)
FNDA:4,isPasskeySupported
DA:1,1
DA:11,1
DA:12,15
DA:15,14
DA:18,14
DA:21,12
DA:22,12
DA:24,11
DA:27,11
DA:33,3
DA:37,8
DA:45,5
DA:48,3
DA:58,1
DA:59,3
DA:60,3
DA:67,1
DA:68,4
DA:73,3
DA:74,3
DA:76,1
DA:77,1
DA:80,1
LF:23
LH:23
BRDA:12,0,0,1
BRDA:18,1,0,2
BRDA:18,2,0,14
BRDA:18,2,1,13
BRDA:22,3,0,1
BRDA:27,4,0,3
BRDA:28,5,0,11
BRDA:28,5,1,10
BRDA:28,5,2,9
BRDA:28,5,3,8
BRDA:37,6,0,5
BRDA:38,7,0,8
BRDA:38,7,1,4
BRDA:38,7,2,4
BRDA:38,7,3,4
BRDA:38,7,4,4
BRDA:38,7,5,4
BRDA:60,8,0,3
BRDA:60,8,1,2
BRDA:68,9,0,3
BRDA:69,10,0,4
BRDA:69,10,1,3
BRF:22
BRH:22
end_of_record
TN:
SF:src/components/phoneInput.tsx
FN:15,getDefaultCountry
FN:19,(anonymous_2)
FN:32,PhoneInputWithCountryCode
FN:41,(anonymous_4)
FN:46,(anonymous_5)
FN:56,(anonymous_6)
FN:64,(anonymous_7)
FN:65,(anonymous_8)
FN:88,(anonymous_9)
FN:109,(anonymous_10)
FN:117,(anonymous_11)
FNF:11
FNH:9
FNDA:5,getDefaultCountry
FNDA:5,(anonymous_2)
FNDA:9,PhoneInputWithCountryCode
FNDA:5,(anonymous_4)
FNDA:2,(anonymous_5)
FNDA:0,(anonymous_6)
FNDA:1,(anonymous_7)
FNDA:3,(anonymous_8)
FNDA:45,(anonymous_9)
FNDA:1,(anonymous_10)
FNDA:0,(anonymous_11)
DA:1,1
DA:2,1
DA:4,1
DA:5,1
DA:7,1
DA:16,5
DA:17,5
DA:18,5
DA:19,5
DA:21,0
DA:32,1
DA:38,9
DA:39,9
DA:41,9
DA:42,5
DA:43,5
DA:46,9
DA:47,2
DA:48,2
DA:49,2
DA:50,2
DA:51,2
DA:53,2
DA:56,9
DA:57,0
DA:58,0
DA:59,0
DA:60,0
DA:64,9
DA:65,3
DA:66,1
DA:67,1
DA:70,1
DA:71,1
DA:72,1
DA:76,9
DA:89,45
DA:109,1
DA:117,0
LF:39
LH:33
BRDA:17,0,0,5
BRDA:17,0,1,0
BRDA:18,1,0,5
BRDA:18,1,1,0
BRDA:19,2,0,5
BRDA:19,2,1,0
BRDA:49,3,0,0
BRDA:49,3,1,2
BRDA:53,4,0,1
BRDA:57,5,0,0
BRDA:60,6,0,0
BRDA:60,6,1,0
BRDA:66,7,0,1
BRDA:115,8,0,9
BRDA:115,8,1,1
BRF:15
BRH:8
end_of_record
TN:
SF:src/context/InternalAuthContext.tsx
FN:10,(anonymous_0)
FN:23,(anonymous_1)
FNF:2
FNH:2
FNDA:1,(anonymous_0)
FNDA:6,(anonymous_1)
DA:1,1
DA:8,1
DA:10,1
DA:17,1
DA:23,1
DA:24,6
DA:25,5
DA:26,4
DA:28,1
LF:9
LH:9
BRDA:25,0,0,4
BRF:1
BRH:1
end_of_record
TN:
SF:src/hooks/usePreviousSignIn.ts
FN:3,usePreviousSignIn
FN:6,(anonymous_1)
FN:15,(anonymous_2)
FNF:3
FNH:3
FNDA:19,usePreviousSignIn
FNDA:9,(anonymous_1)
FNDA:4,(anonymous_2)
DA:1,2
DA:3,2
DA:4,19
DA:6,19
DA:7,9
DA:8,9
DA:9,9
DA:15,19
DA:16,4
DA:17,4
DA:18,3
DA:24,19
LF:12
LH:12
BRDA:3,0,0,17
BRDA:9,1,0,3
BRF:2
BRH:2
end_of_record
