TN:
SF:src/AuthProvider.tsx
FN:23,(anonymous_1)
FN:33,(anonymous_2)
FN:45,(anonymous_3)
FN:71,(anonymous_4)
FN:96,(anonymous_5)
FN:101,(anonymous_6)
FN:107,(anonymous_7)
FN:113,(anonymous_8)
FN:115,(anonymous_9)
FN:117,(anonymous_10)
FN:123,(anonymous_11)
FN:124,(anonymous_12)
FN:131,(anonymous_13)
FN:138,(anonymous_14)
FNF:14
FNH:5
FNDA:2,(anonymous_1)
FNDA:1,(anonymous_2)
FNDA:3,(anonymous_3)
FNDA:1,(anonymous_4)
FNDA:0,(anonymous_5)
FNDA:0,(anonymous_6)
FNDA:0,(anonymous_7)
FNDA:0,(anonymous_8)
FNDA:0,(anonymous_9)
FNDA:2,(anonymous_10)
FNDA:0,(anonymous_11)
FNDA:0,(anonymous_12)
FNDA:0,(anonymous_13)
FNDA:0,(anonymous_14)
DA:1,2
DA:8,2
DA:9,2
DA:10,2
DA:21,2
DA:23,2
DA:24,2
DA:25,2
DA:26,2
DA:33,2
DA:34,1
DA:35,1
DA:36,0
DA:38,1
DA:45,2
DA:46,3
DA:49,3
DA:50,3
DA:71,3
DA:72,1
DA:73,1
DA:75,0
DA:96,3
DA:98,0
DA:101,3
DA:103,0
DA:104,0
DA:107,3
DA:109,0
DA:110,0
DA:113,3
DA:115,3
DA:117,3
DA:118,2
DA:120,2
DA:123,0
DA:124,0
DA:128,0
DA:131,0
DA:135,0
DA:138,0
DA:142,0
DA:146,3
LF:43
LH:29
BRDA:23,0,0,2
BRDA:23,0,1,2
BRDA:35,1,0,0
BRDA:72,2,0,1
BRDA:72,2,1,0
BRDA:72,3,0,1
BRDA:72,3,1,1
BRDA:118,4,0,2
BRDA:118,4,1,0
BRDA:118,4,2,0
BRDA:118,4,3,0
BRDA:157,5,0,2
BRDA:157,5,1,1
BRF:13
BRH:8
end_of_record
TN:
SF:src/Login.tsx
FN:9,(anonymous_0)
FN:17,(anonymous_1)
FN:32,(anonymous_2)
FN:41,(anonymous_3)
FNF:4
FNH:4
FNDA:9,(anonymous_0)
FNDA:2,(anonymous_1)
FNDA:2,(anonymous_2)
FNDA:2,(anonymous_3)
DA:1,3
DA:9,3
DA:14,9
DA:15,9
DA:17,9
DA:18,2
DA:19,2
DA:22,9
DA:32,2
DA:41,2
DA:56,3
LF:11
LH:11
BRF:0
BRH:0
end_of_record
TN:
SF:src/PasswordRecovery.tsx
FN:8,(anonymous_0)
FN:14,(anonymous_1)
FN:29,(anonymous_2)
FNF:3
FNH:3
FNDA:3,(anonymous_0)
FNDA:1,(anonymous_1)
FNDA:1,(anonymous_2)
DA:1,3
DA:8,3
DA:12,3
DA:14,3
DA:15,1
DA:16,1
DA:19,3
DA:29,1
DA:41,3
LF:9
LH:9
BRF:0
BRH:0
end_of_record
TN:
SF:src/Register.tsx
FN:8,(anonymous_0)
FN:13,(anonymous_1)
FN:28,(anonymous_2)
FN:37,(anonymous_3)
FN:46,(anonymous_4)
FNF:5
FNH:5
FNDA:5,(anonymous_0)
FNDA:1,(anonymous_1)
FNDA:1,(anonymous_2)
FNDA:1,(anonymous_3)
FNDA:1,(anonymous_4)
DA:1,3
DA:8,3
DA:9,5
DA:10,5
DA:11,5
DA:13,5
DA:14,1
DA:15,1
DA:18,5
DA:28,1
DA:37,1
DA:46,1
DA:58,3
LF:13
LH:13
BRF:0
BRH:0
end_of_record
